{"C:\\Users\\ssewa\\Downloads\\Peppers Market\\server\\controllers\\guideController.js": {"path":"C:\\Users\\ssewa\\Downloads\\Peppers Market\\server\\controllers\\guideController.js","statementMap":{"0":{"start":{"line":1,"column":14},"end":{"line":1,"column":40}},"1":{"start":{"line":4,"column":0},"end":{"line":11,"column":2}},"2":{"start":{"line":5,"column":2},"end":{"line":10,"column":3}},"3":{"start":{"line":6,"column":19},"end":{"line":6,"column":76}},"4":{"start":{"line":7,"column":4},"end":{"line":7,"column":21}},"5":{"start":{"line":9,"column":4},"end":{"line":9,"column":74}},"6":{"start":{"line":14,"column":0},"end":{"line":30,"column":2}},"7":{"start":{"line":15,"column":21},"end":{"line":15,"column":29}},"8":{"start":{"line":16,"column":2},"end":{"line":18,"column":3}},"9":{"start":{"line":17,"column":4},"end":{"line":17,"column":63}},"10":{"start":{"line":19,"column":2},"end":{"line":29,"column":3}},"11":{"start":{"line":20,"column":18},"end":{"line":24,"column":25}},"12":{"start":{"line":25,"column":4},"end":{"line":25,"column":76}},"13":{"start":{"line":25,"column":16},"end":{"line":25,"column":76}},"14":{"start":{"line":26,"column":4},"end":{"line":26,"column":20}},"15":{"start":{"line":28,"column":4},"end":{"line":28,"column":74}},"16":{"start":{"line":33,"column":0},"end":{"line":41,"column":2}},"17":{"start":{"line":34,"column":2},"end":{"line":40,"column":3}},"18":{"start":{"line":35,"column":18},"end":{"line":35,"column":62}},"19":{"start":{"line":36,"column":4},"end":{"line":36,"column":76}},"20":{"start":{"line":36,"column":16},"end":{"line":36,"column":76}},"21":{"start":{"line":37,"column":4},"end":{"line":37,"column":43}},"22":{"start":{"line":39,"column":4},"end":{"line":39,"column":74}}},"fnMap":{"0":{"name":"(anonymous_0)","decl":{"start":{"line":4,"column":20},"end":{"line":4,"column":21}},"loc":{"start":{"line":4,"column":40},"end":{"line":11,"column":1}},"line":4},"1":{"name":"(anonymous_1)","decl":{"start":{"line":14,"column":28},"end":{"line":14,"column":29}},"loc":{"start":{"line":14,"column":48},"end":{"line":30,"column":1}},"line":14},"2":{"name":"(anonymous_2)","decl":{"start":{"line":33,"column":22},"end":{"line":33,"column":23}},"loc":{"start":{"line":33,"column":42},"end":{"line":41,"column":1}},"line":33}},"branchMap":{"0":{"loc":{"start":{"line":16,"column":2},"end":{"line":18,"column":3}},"type":"if","locations":[{"start":{"line":16,"column":2},"end":{"line":18,"column":3}},{"start":{},"end":{}}],"line":16},"1":{"loc":{"start":{"line":25,"column":4},"end":{"line":25,"column":76}},"type":"if","locations":[{"start":{"line":25,"column":4},"end":{"line":25,"column":76}},{"start":{},"end":{}}],"line":25},"2":{"loc":{"start":{"line":36,"column":4},"end":{"line":36,"column":76}},"type":"if","locations":[{"start":{"line":36,"column":4},"end":{"line":36,"column":76}},{"start":{},"end":{}}],"line":36}},"s":{"0":1,"1":1,"2":2,"3":2,"4":1,"5":1,"6":1,"7":4,"8":4,"9":1,"10":3,"11":3,"12":2,"13":1,"14":1,"15":1,"16":1,"17":3,"18":3,"19":2,"20":1,"21":1,"22":1},"f":{"0":2,"1":4,"2":3},"b":{"0":[1,3],"1":[1,1],"2":[1,1]},"_coverageSchema":"1a1c01bbd47fc00a2c39e90264f33305004495a9","hash":"c745c6410f31e81f279e46f7fb7e1c30a0aff4e3"}
,"C:\\Users\\ssewa\\Downloads\\Peppers Market\\server\\controllers\\pepperController.js": {"path":"C:\\Users\\ssewa\\Downloads\\Peppers Market\\server\\controllers\\pepperController.js","statementMap":{"0":{"start":{"line":1,"column":15},"end":{"line":1,"column":42}},"1":{"start":{"line":2,"column":29},"end":{"line":2,"column":57}},"2":{"start":{"line":5,"column":0},"end":{"line":29,"column":2}},"3":{"start":{"line":6,"column":17},"end":{"line":6,"column":38}},"4":{"start":{"line":7,"column":2},"end":{"line":7,"column":81}},"5":{"start":{"line":7,"column":25},"end":{"line":7,"column":81}},"6":{"start":{"line":9,"column":68},"end":{"line":9,"column":76}},"7":{"start":{"line":11,"column":2},"end":{"line":28,"column":3}},"8":{"start":{"line":12,"column":19},"end":{"line":12,"column":96}},"9":{"start":{"line":13,"column":4},"end":{"line":13,"column":99}},"10":{"start":{"line":13,"column":16},"end":{"line":13,"column":99}},"11":{"start":{"line":15,"column":19},"end":{"line":23,"column":6}},"12":{"start":{"line":25,"column":4},"end":{"line":25,"column":33}},"13":{"start":{"line":27,"column":4},"end":{"line":27,"column":74}},"14":{"start":{"line":32,"column":0},"end":{"line":50,"column":2}},"15":{"start":{"line":33,"column":2},"end":{"line":49,"column":3}},"16":{"start":{"line":34,"column":23},"end":{"line":34,"column":32}},"17":{"start":{"line":35,"column":16},"end":{"line":35,"column":18}},"18":{"start":{"line":37,"column":4},"end":{"line":40,"column":5}},"19":{"start":{"line":39,"column":6},"end":{"line":39,"column":60}},"20":{"start":{"line":42,"column":20},"end":{"line":44,"column":24}},"21":{"start":{"line":46,"column":4},"end":{"line":46,"column":22}},"22":{"start":{"line":48,"column":4},"end":{"line":48,"column":74}},"23":{"start":{"line":53,"column":0},"end":{"line":61,"column":2}},"24":{"start":{"line":54,"column":2},"end":{"line":60,"column":3}},"25":{"start":{"line":55,"column":19},"end":{"line":55,"column":89}},"26":{"start":{"line":56,"column":4},"end":{"line":56,"column":78}},"27":{"start":{"line":56,"column":17},"end":{"line":56,"column":78}},"28":{"start":{"line":57,"column":4},"end":{"line":57,"column":21}},"29":{"start":{"line":59,"column":4},"end":{"line":59,"column":74}},"30":{"start":{"line":64,"column":0},"end":{"line":72,"column":2}},"31":{"start":{"line":65,"column":2},"end":{"line":71,"column":3}},"32":{"start":{"line":66,"column":19},"end":{"line":66,"column":64}},"33":{"start":{"line":67,"column":4},"end":{"line":67,"column":78}},"34":{"start":{"line":67,"column":17},"end":{"line":67,"column":78}},"35":{"start":{"line":68,"column":4},"end":{"line":68,"column":44}},"36":{"start":{"line":70,"column":4},"end":{"line":70,"column":74}}},"fnMap":{"0":{"name":"(anonymous_0)","decl":{"start":{"line":5,"column":20},"end":{"line":5,"column":21}},"loc":{"start":{"line":5,"column":40},"end":{"line":29,"column":1}},"line":5},"1":{"name":"(anonymous_1)","decl":{"start":{"line":32,"column":21},"end":{"line":32,"column":22}},"loc":{"start":{"line":32,"column":41},"end":{"line":50,"column":1}},"line":32},"2":{"name":"(anonymous_2)","decl":{"start":{"line":53,"column":20},"end":{"line":53,"column":21}},"loc":{"start":{"line":53,"column":40},"end":{"line":61,"column":1}},"line":53},"3":{"name":"(anonymous_3)","decl":{"start":{"line":64,"column":23},"end":{"line":64,"column":24}},"loc":{"start":{"line":64,"column":43},"end":{"line":72,"column":1}},"line":64}},"branchMap":{"0":{"loc":{"start":{"line":7,"column":2},"end":{"line":7,"column":81}},"type":"if","locations":[{"start":{"line":7,"column":2},"end":{"line":7,"column":81}},{"start":{},"end":{}}],"line":7},"1":{"loc":{"start":{"line":13,"column":4},"end":{"line":13,"column":99}},"type":"if","locations":[{"start":{"line":13,"column":4},"end":{"line":13,"column":99}},{"start":{},"end":{}}],"line":13},"2":{"loc":{"start":{"line":18,"column":16},"end":{"line":18,"column":30}},"type":"binary-expr","locations":[{"start":{"line":18,"column":16},"end":{"line":18,"column":24}},{"start":{"line":18,"column":28},"end":{"line":18,"column":30}}],"line":18},"3":{"loc":{"start":{"line":19,"column":14},"end":{"line":19,"column":26}},"type":"binary-expr","locations":[{"start":{"line":19,"column":14},"end":{"line":19,"column":20}},{"start":{"line":19,"column":24},"end":{"line":19,"column":26}}],"line":19},"4":{"loc":{"start":{"line":20,"column":13},"end":{"line":20,"column":24}},"type":"binary-expr","locations":[{"start":{"line":20,"column":13},"end":{"line":20,"column":18}},{"start":{"line":20,"column":22},"end":{"line":20,"column":24}}],"line":20},"5":{"loc":{"start":{"line":21,"column":17},"end":{"line":21,"column":38}},"type":"binary-expr","locations":[{"start":{"line":21,"column":17},"end":{"line":21,"column":26}},{"start":{"line":21,"column":30},"end":{"line":21,"column":38}}],"line":21},"6":{"loc":{"start":{"line":37,"column":4},"end":{"line":40,"column":5}},"type":"if","locations":[{"start":{"line":37,"column":4},"end":{"line":40,"column":5}},{"start":{},"end":{}}],"line":37},"7":{"loc":{"start":{"line":37,"column":8},"end":{"line":37,"column":31}},"type":"binary-expr","locations":[{"start":{"line":37,"column":8},"end":{"line":37,"column":14}},{"start":{"line":37,"column":18},"end":{"line":37,"column":31}}],"line":37},"8":{"loc":{"start":{"line":56,"column":4},"end":{"line":56,"column":78}},"type":"if","locations":[{"start":{"line":56,"column":4},"end":{"line":56,"column":78}},{"start":{},"end":{}}],"line":56},"9":{"loc":{"start":{"line":67,"column":4},"end":{"line":67,"column":78}},"type":"if","locations":[{"start":{"line":67,"column":4},"end":{"line":67,"column":78}},{"start":{},"end":{}}],"line":67}},"s":{"0":1,"1":1,"2":1,"3":4,"4":4,"5":1,"6":3,"7":3,"8":3,"9":2,"10":1,"11":1,"12":1,"13":1,"14":1,"15":3,"16":3,"17":3,"18":3,"19":1,"20":3,"21":2,"22":1,"23":1,"24":3,"25":3,"26":2,"27":1,"28":1,"29":1,"30":1,"31":3,"32":3,"33":2,"34":1,"35":1,"36":1},"f":{"0":4,"1":3,"2":3,"3":3},"b":{"0":[1,3],"1":[1,1],"2":[1,1],"3":[1,1],"4":[1,1],"5":[1,1],"6":[1,2],"7":[3,1],"8":[1,1],"9":[1,1]},"_coverageSchema":"1a1c01bbd47fc00a2c39e90264f33305004495a9","hash":"fbb31255d57e1e5c871bd500afe369918dfdc0d4"}
,"C:\\Users\\ssewa\\Downloads\\Peppers Market\\server\\controllers\\userController.js": {"path":"C:\\Users\\ssewa\\Downloads\\Peppers Market\\server\\controllers\\userController.js","statementMap":{"0":{"start":{"line":1,"column":13},"end":{"line":1,"column":38}},"1":{"start":{"line":4,"column":0},"end":{"line":13,"column":2}},"2":{"start":{"line":5,"column":2},"end":{"line":12,"column":3}},"3":{"start":{"line":6,"column":18},"end":{"line":8,"column":25}},"4":{"start":{"line":9,"column":4},"end":{"line":9,"column":20}},"5":{"start":{"line":11,"column":4},"end":{"line":11,"column":74}},"6":{"start":{"line":16,"column":0},"end":{"line":27,"column":2}},"7":{"start":{"line":17,"column":2},"end":{"line":26,"column":3}},"8":{"start":{"line":18,"column":17},"end":{"line":18,"column":51}},"9":{"start":{"line":19,"column":4},"end":{"line":19,"column":74}},"10":{"start":{"line":19,"column":15},"end":{"line":19,"column":74}},"11":{"start":{"line":20,"column":4},"end":{"line":20,"column":103}},"12":{"start":{"line":20,"column":31},"end":{"line":20,"column":103}},"13":{"start":{"line":22,"column":4},"end":{"line":22,"column":48}},"14":{"start":{"line":23,"column":4},"end":{"line":23,"column":42}},"15":{"start":{"line":25,"column":4},"end":{"line":25,"column":74}}},"fnMap":{"0":{"name":"(anonymous_0)","decl":{"start":{"line":4,"column":19},"end":{"line":4,"column":20}},"loc":{"start":{"line":4,"column":39},"end":{"line":13,"column":1}},"line":4},"1":{"name":"(anonymous_1)","decl":{"start":{"line":16,"column":21},"end":{"line":16,"column":22}},"loc":{"start":{"line":16,"column":41},"end":{"line":27,"column":1}},"line":16}},"branchMap":{"0":{"loc":{"start":{"line":19,"column":4},"end":{"line":19,"column":74}},"type":"if","locations":[{"start":{"line":19,"column":4},"end":{"line":19,"column":74}},{"start":{},"end":{}}],"line":19},"1":{"loc":{"start":{"line":20,"column":4},"end":{"line":20,"column":103}},"type":"if","locations":[{"start":{"line":20,"column":4},"end":{"line":20,"column":103}},{"start":{},"end":{}}],"line":20}},"s":{"0":1,"1":1,"2":2,"3":2,"4":1,"5":1,"6":1,"7":4,"8":4,"9":3,"10":1,"11":2,"12":1,"13":1,"14":1,"15":1},"f":{"0":2,"1":4},"b":{"0":[1,2],"1":[1,1]},"_coverageSchema":"1a1c01bbd47fc00a2c39e90264f33305004495a9","hash":"6256bbab861a25c4dc79bf80573ff59db21444b1"}
,"C:\\Users\\ssewa\\Downloads\\Peppers Market\\server\\middleware\\auth.js": {"path":"C:\\Users\\ssewa\\Downloads\\Peppers Market\\server\\middleware\\auth.js","statementMap":{"0":{"start":{"line":1,"column":12},"end":{"line":1,"column":35}},"1":{"start":{"line":4,"column":16},"end":{"line":18,"column":1}},"2":{"start":{"line":5,"column":21},"end":{"line":5,"column":46}},"3":{"start":{"line":6,"column":2},"end":{"line":8,"column":3}},"4":{"start":{"line":7,"column":4},"end":{"line":7,"column":73}},"5":{"start":{"line":10,"column":16},"end":{"line":10,"column":40}},"6":{"start":{"line":11,"column":2},"end":{"line":17,"column":3}},"7":{"start":{"line":12,"column":20},"end":{"line":12,"column":61}},"8":{"start":{"line":13,"column":4},"end":{"line":13,"column":23}},"9":{"start":{"line":14,"column":4},"end":{"line":14,"column":11}},"10":{"start":{"line":16,"column":4},"end":{"line":16,"column":78}},"11":{"start":{"line":21,"column":20},"end":{"line":26,"column":1}},"12":{"start":{"line":21,"column":34},"end":{"line":26,"column":1}},"13":{"start":{"line":22,"column":2},"end":{"line":24,"column":3}},"14":{"start":{"line":23,"column":4},"end":{"line":23,"column":62}},"15":{"start":{"line":25,"column":2},"end":{"line":25,"column":9}},"16":{"start":{"line":28,"column":0},"end":{"line":28,"column":42}}},"fnMap":{"0":{"name":"(anonymous_0)","decl":{"start":{"line":4,"column":16},"end":{"line":4,"column":17}},"loc":{"start":{"line":4,"column":36},"end":{"line":18,"column":1}},"line":4},"1":{"name":"(anonymous_1)","decl":{"start":{"line":21,"column":20},"end":{"line":21,"column":21}},"loc":{"start":{"line":21,"column":34},"end":{"line":26,"column":1}},"line":21},"2":{"name":"(anonymous_2)","decl":{"start":{"line":21,"column":34},"end":{"line":21,"column":35}},"loc":{"start":{"line":21,"column":54},"end":{"line":26,"column":1}},"line":21}},"branchMap":{"0":{"loc":{"start":{"line":6,"column":2},"end":{"line":8,"column":3}},"type":"if","locations":[{"start":{"line":6,"column":2},"end":{"line":8,"column":3}},{"start":{},"end":{}}],"line":6},"1":{"loc":{"start":{"line":6,"column":6},"end":{"line":6,"column":54}},"type":"binary-expr","locations":[{"start":{"line":6,"column":6},"end":{"line":6,"column":17}},{"start":{"line":6,"column":21},"end":{"line":6,"column":54}}],"line":6},"2":{"loc":{"start":{"line":22,"column":2},"end":{"line":24,"column":3}},"type":"if","locations":[{"start":{"line":22,"column":2},"end":{"line":24,"column":3}},{"start":{},"end":{}}],"line":22}},"s":{"0":1,"1":1,"2":3,"3":3,"4":1,"5":2,"6":2,"7":2,"8":1,"9":1,"10":1,"11":1,"12":2,"13":2,"14":1,"15":1,"16":1},"f":{"0":3,"1":2,"2":2},"b":{"0":[1,2],"1":[3,2],"2":[1,1]},"_coverageSchema":"1a1c01bbd47fc00a2c39e90264f33305004495a9","hash":"a7bb839bc35b51e99e990854e8f8eab7a78b96b0"}
}
