TN:
SF:controllers\guideController.js
FN:4,(anonymous_0)
FN:14,(anonymous_1)
FN:33,(anonymous_2)
FNF:3
FNH:3
FNDA:2,(anonymous_0)
FNDA:4,(anonymous_1)
FNDA:3,(anonymous_2)
DA:1,1
DA:4,1
DA:5,2
DA:6,2
DA:7,1
DA:9,1
DA:14,1
DA:15,4
DA:16,4
DA:17,1
DA:19,3
DA:20,3
DA:25,2
DA:26,1
DA:28,1
DA:33,1
DA:34,3
DA:35,3
DA:36,2
DA:37,1
DA:39,1
LF:21
LH:21
BRDA:16,0,0,1
BRDA:16,0,1,3
BRDA:25,1,0,1
BRDA:25,1,1,1
BRDA:36,2,0,1
BRDA:36,2,1,1
BRF:6
BRH:6
end_of_record
TN:
SF:controllers\pepperController.js
FN:5,(anonymous_0)
FN:32,(anonymous_1)
FN:53,(anonymous_2)
FN:64,(anonymous_3)
FNF:4
FNH:4
FNDA:4,(anonymous_0)
FNDA:3,(anonymous_1)
FNDA:3,(anonymous_2)
FNDA:3,(anonymous_3)
DA:1,1
DA:2,1
DA:5,1
DA:6,4
DA:7,4
DA:9,3
DA:11,3
DA:12,3
DA:13,2
DA:15,1
DA:25,1
DA:27,1
DA:32,1
DA:33,3
DA:34,3
DA:35,3
DA:37,3
DA:39,1
DA:42,3
DA:46,2
DA:48,1
DA:53,1
DA:54,3
DA:55,3
DA:56,2
DA:57,1
DA:59,1
DA:64,1
DA:65,3
DA:66,3
DA:67,2
DA:68,1
DA:70,1
LF:33
LH:33
BRDA:7,0,0,1
BRDA:7,0,1,3
BRDA:13,1,0,1
BRDA:13,1,1,1
BRDA:18,2,0,1
BRDA:18,2,1,1
BRDA:19,3,0,1
BRDA:19,3,1,1
BRDA:20,4,0,1
BRDA:20,4,1,1
BRDA:21,5,0,1
BRDA:21,5,1,1
BRDA:37,6,0,1
BRDA:37,6,1,2
BRDA:37,7,0,3
BRDA:37,7,1,1
BRDA:56,8,0,1
BRDA:56,8,1,1
BRDA:67,9,0,1
BRDA:67,9,1,1
BRF:20
BRH:20
end_of_record
TN:
SF:controllers\userController.js
FN:4,(anonymous_0)
FN:16,(anonymous_1)
FNF:2
FNH:2
FNDA:2,(anonymous_0)
FNDA:4,(anonymous_1)
DA:1,1
DA:4,1
DA:5,2
DA:6,2
DA:9,1
DA:11,1
DA:16,1
DA:17,4
DA:18,4
DA:19,3
DA:20,2
DA:22,1
DA:23,1
DA:25,1
LF:14
LH:14
BRDA:19,0,0,1
BRDA:19,0,1,2
BRDA:20,1,0,1
BRDA:20,1,1,1
BRF:4
BRH:4
end_of_record
TN:
SF:middleware\auth.js
FN:4,(anonymous_0)
FN:21,(anonymous_1)
FN:21,(anonymous_2)
FNF:3
FNH:3
FNDA:3,(anonymous_0)
FNDA:2,(anonymous_1)
FNDA:2,(anonymous_2)
DA:1,1
DA:4,1
DA:5,3
DA:6,3
DA:7,1
DA:10,2
DA:11,2
DA:12,2
DA:13,1
DA:14,1
DA:16,1
DA:21,2
DA:22,2
DA:23,1
DA:25,1
DA:28,1
LF:16
LH:16
BRDA:6,0,0,1
BRDA:6,0,1,2
BRDA:6,1,0,3
BRDA:6,1,1,2
BRDA:22,2,0,1
BRDA:22,2,1,1
BRF:6
BRH:6
end_of_record
